System initialized on 16.2.1998, 20:31.20
.\LIST\ndb.IB not found. Program nebude korektne fungovat !
System done on 16.2.1998, 20:31.20.

System initialized on 19.3.2026, 23:28.53
time = 1
AIRBASE = LZIB
FIR F     = 33
FIR       = 21
ACC F     = 34
ACC       = 22
ACC SEC F = 35
ACC SEC   = 22
APP F     = 34
APP       = 22
APP SEC F = 35
APP SEC   = 22
AWY F     = 35
AWY       = 37
AWY_      = 22
ILS_      = 21
TMA F     = 36
TMA       = 38
CTR F     = 37
CTR       = 38
ACT A     = 40
ACT P     = 41
R F       = 45
R         = 46
TSA A     = 48
TSA P     = 49
PRS A     = 48
PRS P     = 49
PAV0      = 19
PAV1      = 20
LDM0      = 19
LDM1      = 19
LDM2      = 19
MARK      = 22
DESC      = 14
SP        = 23
REP1      = 23
REP2      = 23
NDB1      = 23
NDB2      = 23
VOR       = 23
VOR/DME1  = 23
VOR/DME2  = 23
edit FPLc = yes ; povolenie editacie civilneho stripu
edit FPLm = yes ; povolenie editacie vojenskeho a ineho stripu
FUA -24H = disabled;  Planovanie priesorov je ohranicene limitmi 24/6 hodin vopred
FUA -1H  = enabled;   Vynimky, ktore nemusia byt planovane a schvalovane 24 hodin vopred
LIMIT FUA -1H = 60;
-1H = TSA06
-1H = TSA06
utc = 9902031100
; -----------------------------------------
; -----------------------------------------
; FDP/EDD  - SRLP Bratislava
; -----------------------------------------
; --------------------------------------------------------------------------------------------------------------------------------
; Pracovisko ; Adresa logicka,   RTR, IP        ; Protokol ; Stanica  ; informacie                               ; ine nastavenia
; --------------------------------------------------------------------------------------------------------------------------------
; ----------------------------
; SRLP
; ----------------------------
  BRIDGE     ; StrRLP BRIDGE ,    192.100.141.31 ; ~UDP  L  ; @BRIDGE  ; -heartbeat  MSG
  S-RTZ      ; StrRLP S1     ,    192.100.141.32 ; ~UDP  L  ; @SERVER  ; -master     MSG  ALL  ; timeout=3
  S-ACC      ; StrRLP S2     ,    192.100.141.33 ; ~UDP  L  ; @BSERVER ; -backup     MSG  ALL  ; timeout=3
  EDD        ; StrRLP EDD    ,$08,192.100.141.40 ; @THIS
  TEREN      ; StrRLP TEREN  ,$03,192.100.141.16 ; ~UDP     ; @RDP     ; -slave ALL  @SECTOR
  SOD        ; StrRLP SOD    ,$05,192.100.141.17 ; ~UDP     ; @RDP     ; -slave ALL
  ADP        ; StrRLP TS     ,$06,192.100.141.18 ; ~UDP     ; @RDP     ; -slave ALL
  SAR        ; StrRLP SAR    ,$04,192.100.143.16 ; ~UDP     ; @RDP     ; -slave ALL
; ----------------------------
; PVO
; ----------------------------
  DPVL       ; VS DPVL       ,    192.100.000.33 ; ~UDP ~L  ; @IDD     ; -heartbeat MSG        ; timeout=5
InĀ verzia programu, skontrolujte konfigurĀciu, prosĪm.
