     Одна буква :
     ------------

 N    на борту не находится такое оборудование или неработает
 S    борт обеспечен стандартным оборудованием COM/NAV
     для радиосвязи, навигации и приближения для данной трассы


     А/Или комбинация одной или нескольких букв :
     --------------------------------------------

 A    LORAN A
 B
 C    LORAN C
 D    DME
 E    Decca
 F    ADF
 G    GNSS
 H    HF RTF
 I    Инерциальная навигация
 J    data link
 K    (MLS)
 L    ILS
 M    Omega
 O    VOR
 P    Doppler
 Q
 R    RNAV оборудование
 T    TACAN
 U    UHF RTF
 V    VHF RTF
 W    в случае дальнейшего оборудования
 X     - // -
 Y     - // -
 Z     - //- , оборудование опысанное в "RMK" после "COM"
