;"─────────────────────────────────────────────────
;" ТИПЫ И ОБОЗНАЧЕНИЕ ТИПА ВОЗДУШНОГО СУДНА
;"─────────────────────────────────────────────────

; "────
; " А
; "────

   АН2       Ан-2        ;   ; AN2
   АН2М      Ан-2М       ;   ; AN2
   АН8       Ан-8
   АН12      Ан-12       ;   ; AN12
   АН22      Ан-22       ;   ; AN22
   АН24      Ан-24       ;   ; AN24
   АН26      Ан-26       ;   ; AN26
   АН38      Ан-38       ;   ; AN28
   АН28      Ан-28       ;   ; AN28
   АН30      Ан-30       ;   ; AN30
   АН72      Ан-72       ;   ; AN72
   АН74      Ан-74       ;   ; AN74
   А124      Ан-124      ;   ; AN2R
   А225      Ан-225      ;   ; AN5M


; "────
; " В
; "────

   В03       В-3


; "────
; " И
; "────

   ИЛ14      Ил-14
   ИЛ18      Ил-18
   ИЛ62      Ил-62
   И62М      Ил-62М      ;   ; IL62
   ИЛ76      Ил-76
   И76Т      Ил-76Т      ;   ; IL76
   ИЛ86      Ил-86
   ИЛ96      Ил-96


; "────
; " К
; "────

   КА11      Ка-11       ;   ; KA11
   КА26      Ка-26       ;   ; KA26
   КА32      Ка-32       ;   ; KA32
   К126      Ка-126


; "────
; " Л
; "────

   Л410      Л-410       ;   ; O410
   Л610      Л-610       ;   ; O610


; "────
; " М
; "────

   МИ1       Ми-1        ;   ; MI1
   МИ2       Ми-2        ;   ; MI2
   МИ4       Ми-4        ;   ; MI4
   МИ6       Ми-6        ;   ; MI6
   МИ8       Ми-8        ;   ; MI8
   МИ10      Ми-10       ;   ; MI10
   МИ17      Ми-17       ;   ; MI17
   МИ24      Ми-24       ;   ; MI24
   МИ26      Ми-26       ;   ; MI26
   МИ29      Ми-29       ;   ; MI29


; "────
; " Я
; "────

   ЯК18      Як-18       ;   ; YK18
   ЯК40      Як-40       ;   ; YK40
   ЯК42      Як-42       ;   ; YK42

   ТУ34      Ту-134      ;   ; TU34
   Т34А      Ту-134А     ;   ; TU34
   Т34Б      Ту-134Б     ;   ; TU34
   ТУ54      Ту-154      ;   ; TU54
   Т54С      Ту-154С     ;   ; TU54
   Т54М      Ту-154М     ;   ; TU54
   Т204      Ту-204      ;   ; TUP4
