System initialized on 9.2.1998, 17:58.24
System done on 9.2.1998, 17:58.24.

System initialized on 9.2.1998, 18:00.41
System done on 9.2.1998, 18:00.41.

System initialized on 28.1.1998, 18:01.15
Map of FIR not found. Can not decode FPLs properly...
IPX and RTR not allowed.
IPX and RTR not allowed.
IPX and RTR not allowed.
IPX and RTR not allowed.
IPX and RTR not allowed.
IPX and RTR not allowed.
IPX and RTR not allowed.
IPX and RTR not allowed.
IPX and RTR not allowed.
IPX and RTR not allowed.
System done on 28.1.1998, 18:04.41.

System initialized on 1.1.1998, 13:15.16
Map of FIR not found. Can not decode FPLs properly...
System done on 1.1.1998, 13:03.58.

System initialized on 1.1.1998, 13:15.54
Map of FIR not found. Can not decode FPLs properly...
System done on 1.1.1998, 12:03.36.

System initialized on 12.2.1998, 13:15.26
Map of FIR not found. Can not decode FPLs properly...
System done on 28.1.1998, 12:03.30.

System initialized on 12.2.1998, 13:25.01
Map of FIR not found. Can not decode FPLs properly...
System done on 8.1.1998, 12:03.14.

System initialized on 12.2.1998, 13:26.39
Map of FIR not found. Can not decode FPLs properly...
System done on 8.1.1998, 12:03.13.

System initialized on 12.2.1998, 13:26.38
System done on 8.1.1998, 12:03.13.

System initialized on 12.2.1998, 13:36.52
PRINTER SERVER is not configured...
There is not defined RDP sector.
There is not defined RDP sector address.
System done on 28.1.1998, 12:03.13.

System initialized on 12.2.1998, 13:41.33
System done on 28.1.1998, 12:03.25.

System initialized on 12.2.1998, 13:41.09
PRINTER SERVER is not configured...
There is not defined RDP sector.
There is not defined RDP sector address.
System done on 28.1.1998, 12:03.23.

System initialized on 12.2.1998, 13:42.42
PRINTER SERVER is not configured...
There is not defined RDP sector.
There is not defined RDP sector address.
System done on 28.1.1998, 07:03.18.

System initialized on 12.2.1998, 13:45.07
System done on 28.1.1998, 07:03.36.

System initialized on 12.2.1998, 13:45.26
System done on 28.1.1998, 08:04.07.

System initialized on 12.2.1998, 13:46.07
System done on 28.1.1998, 08:03.17.

System initialized on 12.2.1998, 13:46.20
System done on 28.1.1998, 07:03.17.

System initialized on 12.2.1998, 19:04.02
System done on 28.1.1998, 07:03.30.

System initialized on 12.2.1998, 19:04.23
System done on 28.1.1998, 12:03.27.

System initialized on 16.2.1998, 09:05.39
System done on 28.1.1998, 12:03.44.

System initialized on 16.2.1998, 09:05.20
System done on 28.1.1998, 12:03.41.

System initialized on 16.2.1998, 09:11.03
System done on 28.1.1998, 14:04.12.

System initialized on 16.2.1998, 09:12.53
System done on 28.1.1998, 12:03.34.

System initialized on 16.2.1998, 09:13.08
System done on 28.1.1998, 12:03.36.

System initialized on 16.2.1998, 09:31.33
System done on 28.1.1998, 12:03.45.

System initialized on 12.1.1999, 17:58.20
System done on 28.1.1998, 07:03.54.

System initialized on 12.1.1999, 17:58.10
System done on 28.1.1998, 12:04.08.

System initialized on 19.4.1997, 07:01.46
System done on 28.1.1998, 07:05.34.

System initialized on 19.4.1997, 08:03.26
System initialized on 28.1.1998, 07:09.46
System initialized on 1.3.1999, 07:55.43
System done on 28.1.1998, 07:03.23.

System initialized on 1.3.1999, 08:01.55
System done on 28.1.1998, 07:03.14.

System initialized on 1.3.1999, 08:01.06
PRINTER SERVER is not configured...
There is not defined RDP sector.
There is not defined RDP sector address.
System done on 28.1.1998, 12:03.14.

System initialized on 1.3.1999, 08:03.33
System done on 28.1.1998, 12:03.21.

System initialized on 1.3.1999, 08:03.05
System done on 28.1.1998, 07:03.13.

System initialized on 1.3.1999, 07:45.37
System done on 28.1.1998, 07:03.13.

System initialized on 1.3.1999, 07:45.52
System done on 28.1.1998, 12:03.18.

System initialized on 1.3.1999, 08:19.13
EMS memory not avaible...
System done on 28.1.1998, 12:04.30.

System initialized on 1.3.1999, 08:19.22
System done on 28.1.1998, 07:03.25.

System initialized on 1.3.1999, 08:44.02
EMS memory not avaible...
System done on 28.1.1998, 12:03.19.

System initialized on 1.3.1999, 08:44.15
System done on 28.1.1998, 07:03.09.

System initialized on 2.3.1999, 17:16.04
System done on 28.1.1998, 07:03.10.

System initialized on 2.3.1999, 17:16.08
System done on 28.1.1998, 12:03.13.

System initialized on 19.4.1997, 01:21.15
System done on 28.1.1998, 12:09.40.

System initialized on 19.4.1997, 01:27.22
System initialized on 19.4.1997, 04:31.10
System done on 28.1.1998, 07:03.20.

System initialized on 19.4.1997, 04:31.16
System done on 28.1.1998, 12:03.25.

System initialized on 20.4.1997, 04:34.22
System done on 28.1.1998, 07:03.14.

System initialized on 20.4.1997, 07:12.04
System done on 28.1.1998, 12:03.20.

System initialized on 20.4.1997, 07:12.08
System done on 28.1.1998, 07:03.10.

System initialized on 28.4.1997, 00:00.52
System done on 28.1.1998, 07:05.04.

System initialized on 3.2.1999, 11:02.39
System done on 28.1.1998, 07:04.37.

System initialized on 3.2.1999, 11:04.53
System done on 28.1.1998, 12:03.25.

System initialized on 19.4.1997, 09:03.07
System done on 28.1.1998, 07:03.21.

System initialized on 28.4.1997, 22:59.13
System done on 28.1.1998, 07:03.37.

System initialized on 23.5.1997, 10:45.12
System initialized on 28.1.1998, 07:04.03
System initialized on 25.5.2000, 14:56.08
System initialized on 28.1.1998, 07:03.35
System done on 28.1.1998, 07:03.48.

System initialized on 1.6.2000, 09:52.11
System done on 28.1.1998, 07:03.13.

System initialized on 8.4.2011, 09:55.29
System initialized on 8.4.2011, 09:55.59
System initialized on 8.4.2011, 09:56.08
System initialized on 27.11.2025, 14:03.49
System done on 28.1.1998, 14:21.54.

