100     ;  48 24 12  17 07 11  ; Malacky
150     ;  48 10 14  17 12 52
250     ;  48 54 15  17 49 38  ; Trencin
200     ;  48 34 20  17 48 40  ; Piestany
300     ;  48 38 12  19 08 09  ; Sliac
500     ;  48 39 49  21 14 38  ; Kosice
600     ;  49 01 47  21 18 56  ; Presov


Iv nka   ;  48 10 14  17 12 52
KoØice   ;  48 39 49  21 14 38
Lu‡enec  ;  48 20 30  19 44 07
PieØtany ;  48 34 20  17 48 40
Poprad   ;  49 04 24  20 14 35
Slia‡    ;  48 38 12  19 08 09
’ilina   ;  49 14 01  18 36 55


A       ;  49 20 00  20 25 00
D       ;  48 20 00  18 45 00
G       ;  49 20 00  21 45 00
H       ;  48 20 00  17 25 00
M       ;  49 20 00  17 25 00
N       ;  47 20 00  17 25 00
P       ;  47 20 00  18 45 00
Q       ;  48 20 00  21 45 00
V       ;  49 20 00  18 45 00
Z       ;  48 20 00  20 25 00