RT14  (D412 A772 G782 Q191 Z153 D412)
RT114 (D412 Z153 Q191 G782 A772 D412)
RT24  (H971 H371 D412 D181 H371)


"ƒƒƒƒƒƒƒƒƒƒƒƒƒƒƒƒƒƒƒƒ"
"MALACKY"
"ƒƒƒƒƒƒƒƒƒƒƒƒƒƒƒƒƒƒƒƒ"

"Prelety:"

120 200 300 324                                               ; trat c.1  !100
120 h463 v751 250 202                                         ; trat c.2  !100


"Zalet pocasia:"

202/h0670 300 333 264/h0275 202                               ; !100
202/h0730 300 333 264/h0275 202                               ; !100

"Prepad:"

202/h0670 300 333 264/h0275 202                               ; !100
202/h0395 300 333 264/h0275 202                               ; !100

"Mimoletiskove prelety:"

120 140 d783/g030 d514/h0150 d761 140 120                     ; !100
120 140 d783 d514/h0150 d761 140 120                          ; !100
202/h0730 300 502 264/h0275 202                               ; !100
202 300 502 q832/g030 q913 g681/h0335 z393 264 202            ; !100
202/h1800 300 250/h0275 202                                   ; !100
250 220                                                       ; !100


"ƒƒƒƒƒƒƒƒƒƒƒƒƒƒƒƒƒƒƒƒ"
"SLIAÄ"
"ƒƒƒƒƒƒƒƒƒƒƒƒƒƒƒƒƒƒƒƒ"

302 170 140 200 250 v764 v741 v622 281 280 220 201 d843       ; !300
453/MZP 100/MZP h453/MZP                                      ; !300
z122 331 a874 v672 d384                                       ; !300
d251 d143/G300 v751 h443/G600 d713 n333 p191 d762 d642        ; !300
333 z241 z322 g772 607 q261 q192 z342 324 z962 321 z874 d433  ; !300
302 170 140 200 250 v764 v741 v622 281 280 220 201 d843       ; !300
321 324 500 508 600 331 v641 h432 v641 h432 d843              ; !300


"ƒƒƒƒƒƒƒƒƒƒƒƒƒƒƒƒƒƒƒƒ"
"KOõICE"
"ƒƒƒƒƒƒƒƒƒƒƒƒƒƒƒƒƒƒƒƒ"

502 331 z862 324 501                                          ; !500
z313 400/MZP/h2150 z352                                       ; !500
324 300/MZP 301 z282 502                                      ; !500
324 300/MZP z282 502                                          ; !500
q173 z364 z884 333 z234                                       ; !500
