
  01  Let po okruhu
  02  Let do pracovného priestoru, technika pilotovania
  03  Mimoletiskovÿ let
  04  Prelet, miestny prelet
  05  Traƒovÿ let s premenlivÿm profilom
  06  Let pri nadzvukovej rÿchlosti
  07  Let do dostupu
  08  Let v malej a prízemnej vÿ¿ke
  09  Let v rádiolokaçnom kontakte
  10  Let v zakrytej kabíne
  11  Let v mrakoch
  12  Let nad mrakmi
  13  Skupinová zlietanosƒ a bojové zostavy
  14  Spustenie motora (motorov) za letu
  15  Prelietavanie mrakov v zovretej zostave
  16  Prieskum poçasia
  17  Zálet lietadla

  18  Let s pristátim na plochu mimo letiska
  19  Let z trávnatej plochy
  20  Pristávací manéver z vypoçítanej çiary (priameho smeru)
  21  Pristávací manéver s dvoma zákrutami o 180 stupñov

  22  Vlek vzdu¿nÿch terçov
  23  Streîba vzdu¿ného cieîa
  24  Prepad vzdu¿ného cieîa
  25  Automatizované prístrojové alebo ruçné navedenie
  26  Prepad z prednej (zadnej) polosféry
  27  Sprevádzanie
  28  Vzdu¿nÿ boj
  29  Manéver proti PVO

  30  Streîba na pozemné ciele
  31  Bombardovanie
  32  Prieskumnÿ let

  33  Let ru¿iça s aktívnym ru¿ením
  34  Let ru¿iça s pasívnym ru¿ením
  35  Let ru¿iça s kombinovanÿm ru¿ením

  36  Let na retransláciu
  37  Vysadenie padákového vÿsadku (nákladu)

  38  Visenie vrtuîníka (let na vysadenie îudí, nákladu)
  39  Let vrtuîníka s vonkaj¿ím podvesom
  40  Nácvik pristátia s autorotáciou
  41  Nácvik vzletu a pristátia
  42  Let v letiskovom priestore
  43  Spolupráca s pozemnÿmi jednotkami

  44  Let bez identifikaçného zariadenia
  45  Let na kontrolu schopnosti prostriedkov RTZ
  46  Let pre vÿcvik PLRV alebo RTV
  47  Let s úlohami fotografického snímkovania
  48  Súçinnostnÿ let pre iné útvary

  49  Let lietadla - cieî pri cviçení             (KOMPLEX)
  50  Let lietadla - cieî pri kontrolnom oblete   (FATRA)
  51  Let na vÿzvu v rámci cviçenia               (KRIVÅÑ)

  52  Let do opravovne (z opravovne)

  53  øtátne dôleæitÿ let                         (SD)
  54  Let s ministrom obrany SR
  55  Let s N Gø
  56  Let s Náçelníkom ¿tábu LaPVO ASR

  57  Let v identifikaçnom priestore              (PLOT)
  58  Let s moænosƒou naru¿enia ¿t. hraníc SR
  59  Dodatoçne plánovanÿ let

  60  Prieskumnÿ let, plán do 1h pred vzletom     (TORYSA)
  61  Prieskumnÿ let, plán najneskôr poças vzletu (BECKOV)
  62  Prieskumnÿ let, plán najneskôr poças vzletu (HORNÅD)
  63  Prieskumnÿ let, plán najneskôr poças vzletu (GERLACH)
  64  Prieskumnÿ let, plán najneskôr poças vzletu a zmeniƒ so vzletom (INOVEC)
  65  In¿pekcia iného ¿tátu, plán do vzletu       (HOLUBICA)

  66  Let na plnenie úloh LPZS
  67  Let policajného vrtuîníka                   (VØSKYT)
  68  Let na záchranu îudského æivota
  69  Let sanitnÿ - so zranenÿm çlovekom          (SANITA)

  70  Let s úlohou zhadzovaƒ letáky
  71  Vyhliadkovÿ let

  72  Vlek klzáka
  73  Let na spätnú prepravu klzáka po jeho samostatnom lete

  74  Prieskumnÿ let podîa smernice NGø           (ONDAVA)
